<?xml version="1.0" encoding="UTF-8"?>
<!-- Generated by org.testng.reporters.JUnitReportReporter -->
<testsuite hostname="LAPTOP-T7SDQHSU" failures="0" tests="1" name="com.mindtree.runner.LogOut" time="36.985" errors="0" timestamp="2021-09-23T21:22:39 IST" skipped="0">
  <testcase classname="com.mindtree.runner.LogOut" name="LogOutRun" time="36.985"/>
  <system-out/>
</testsuite> <!-- com.mindtree.runner.LogOut -->
