<?xml version="1.0" encoding="UTF-8"?>
<!-- Generated by org.testng.reporters.JUnitReportReporter -->
<testsuite hostname="LAPTOP-T7SDQHSU" failures="0" tests="12" name="com.mindtree.runner.Runner" time="225.203" errors="0" timestamp="2021-09-25T15:54:58 IST" skipped="0">
  <testcase classname="com.mindtree.runner.Runner" name="signrun" time="20.038"/>
  <system-out/>
  <testcase classname="com.mindtree.runner.Runner" name="LoginRun" time="37.622"/>
  <system-out/>
  <testcase classname="com.mindtree.runner.Runner" name="testSearchTitle" time="8.769"/>
  <system-out/>
  <testcase classname="com.mindtree.runner.Runner" name="testSearchTitle" time="9.550"/>
  <system-out/>
  <testcase classname="com.mindtree.runner.Runner" name="testSearchTitle" time="9.964"/>
  <system-out/>
  <testcase classname="com.mindtree.runner.Runner" name="ProfileVer" time="34.160"/>
  <system-out/>
  <testcase classname="com.mindtree.runner.Runner" name="HelpBtn" time="9.342"/>
  <system-out/>
  <testcase classname="com.mindtree.runner.Runner" name="StoreVer" time="18.067"/>
  <system-out/>
  <testcase classname="com.mindtree.runner.Runner" name="Trackorder" time="13.650"/>
  <system-out/>
  <testcase classname="com.mindtree.runner.Runner" name="Subscribe" time="8.900"/>
  <system-out/>
  <testcase classname="com.mindtree.runner.Runner" name="GiftCard" time="12.431"/>
  <system-out/>
  <testcase classname="com.mindtree.runner.Runner" name="LogOutRun" time="42.710"/>
  <system-out/>
</testsuite> <!-- com.mindtree.runner.Runner -->
