<?xml version="1.0" encoding="UTF-8"?>
<!-- Generated by org.testng.reporters.JUnitReportReporter -->
<testsuite hostname="LAPTOP-T7SDQHSU" failures="0" tests="1" name="com.mindtree.runner.SubscribeRunner" time="5.150" errors="0" timestamp="2021-09-23T16:10:42 IST" skipped="0">
  <testcase classname="com.mindtree.runner.SubscribeRunner" name="HelpBtn" time="5.150"/>
  <system-out/>
</testsuite> <!-- com.mindtree.runner.SubscribeRunner -->
