<?xml version="1.0" encoding="UTF-8"?>
<!-- Generated by org.testng.reporters.JUnitReportReporter -->
<testsuite hostname="LAPTOP-T7SDQHSU" failures="0" tests="1" name="com.mindtree.runner.GiftCardRun" time="4.004" errors="0" timestamp="2021-09-23T22:34:41 IST" skipped="0">
  <testcase classname="com.mindtree.runner.GiftCardRun" name="LogOutRun" time="4.004"/>
  <system-out/>
</testsuite> <!-- com.mindtree.runner.GiftCardRun -->
