<?xml version="1.0" encoding="UTF-8"?>
<!-- Generated by org.testng.reporters.JUnitReportReporter -->
<testsuite hostname="LAPTOP-T7SDQHSU" failures="0" tests="1" name="com.mindtree.runner.SignUp" time="13.290" errors="0" timestamp="2021-09-23T13:58:48 IST" skipped="0">
  <testcase classname="com.mindtree.runner.SignUp" name="signrun" time="13.290"/>
  <system-out/>
</testsuite> <!-- com.mindtree.runner.SignUp -->
