<?xml version="1.0" encoding="UTF-8"?>
<!-- Generated by org.testng.reporters.JUnitReportReporter -->
<testsuite hostname="LAPTOP-T7SDQHSU" failures="0" tests="1" name="com.mindtree.runner.LogIn" time="23.833" errors="0" timestamp="2021-09-23T21:12:59 IST" skipped="0">
  <testcase classname="com.mindtree.runner.LogIn" name="LoginRun" time="23.833"/>
  <system-out/>
</testsuite> <!-- com.mindtree.runner.LogIn -->
