<?xml version="1.0" encoding="UTF-8"?>
<!-- Generated by org.testng.reporters.JUnitReportReporter -->
<testsuite hostname="LAPTOP-T7SDQHSU" failures="0" tests="1" name="com.mindtree.runner.EmailVerifyRunner" time="28.202" errors="0" timestamp="2021-09-23T22:13:12 IST" skipped="0">
  <testcase classname="com.mindtree.runner.EmailVerifyRunner" name="LogOutRun" time="28.202"/>
  <system-out/>
</testsuite> <!-- com.mindtree.runner.EmailVerifyRunner -->
