<?xml version="1.0" encoding="UTF-8"?>
<!-- Generated by org.testng.reporters.JUnitReportReporter -->
<testsuite hostname="LAPTOP-T7SDQHSU" failures="0" tests="1" name="com.mindtree.runner.Helpbtn" time="4.022" errors="0" timestamp="2021-09-24T08:43:56 IST" skipped="0">
  <testcase classname="com.mindtree.runner.Helpbtn" name="HelpBtn" time="4.022"/>
  <system-out/>
</testsuite> <!-- com.mindtree.runner.Helpbtn -->
