<?xml version="1.0" encoding="UTF-8"?>
<!-- Generated by org.testng.reporters.JUnitReportReporter -->
<testsuite hostname="LAPTOP-T7SDQHSU" failures="0" tests="3" name="com.mindtree.runner.Search" time="13.887" errors="0" timestamp="2021-09-23T14:51:07 IST" skipped="0">
  <testcase classname="com.mindtree.runner.Search" name="testSearchTitle" time="3.891"/>
  <system-out/>
  <testcase classname="com.mindtree.runner.Search" name="testSearchTitle" time="5.518"/>
  <system-out/>
  <testcase classname="com.mindtree.runner.Search" name="testSearchTitle" time="4.478"/>
  <system-out/>
</testsuite> <!-- com.mindtree.runner.Search -->
