<?xml version="1.0" encoding="UTF-8"?>
<!-- Generated by org.testng.reporters.JUnitReportReporter -->
<testsuite hostname="LAPTOP-T7SDQHSU" failures="0" tests="1" name="com.mindtree.runner.StoreVerify" time="9.100" errors="0" timestamp="2021-09-23T15:45:40 IST" skipped="0">
  <testcase classname="com.mindtree.runner.StoreVerify" name="StoreVer" time="9.100"/>
  <system-out/>
</testsuite> <!-- com.mindtree.runner.StoreVerify -->
