<?xml version="1.0" encoding="UTF-8"?>
<!-- Generated by org.testng.reporters.JUnitReportReporter -->
<testsuite hostname="LAPTOP-T7SDQHSU" failures="0" tests="1" name="com.mindtree.runner.TrackOrder" time="5.732" errors="0" timestamp="2021-09-23T16:45:56 IST" skipped="0">
  <testcase classname="com.mindtree.runner.TrackOrder" name="Trackorder" time="5.732"/>
  <system-out/>
</testsuite> <!-- com.mindtree.runner.TrackOrder -->
