<?xml version="1.0" encoding="UTF-8"?>
<!-- Generated by org.testng.reporters.JUnitReportReporter -->
<testsuite hostname="DESKTOP-1G3FS4U" name="com.mindtree.reusablecomponents.Fun" tests="1" failures="0" timestamp="24 Aug 2021 06:11:19 GMT" time="0.016" errors="0">
  <testcase name="testing" time="0.016" classname="com.mindtree.reusablecomponents.Fun"/>
</testsuite> <!-- com.mindtree.reusablecomponents.Fun -->
